[debug] [2017-11-04T02:07:39.604Z] ----------------------------------------------------------------------
[debug] [2017-11-04T02:07:39.607Z] Command:       /Users/Stu/.nvm/versions/node/v6.2.2/bin/node /Users/Stu/.nvm/versions/node/v6.2.2/bin/firebase deploy
[debug] [2017-11-04T02:07:39.608Z] CLI Version:   3.14.0
[debug] [2017-11-04T02:07:39.608Z] Platform:      darwin
[debug] [2017-11-04T02:07:39.608Z] Node Version:  v6.2.2
[debug] [2017-11-04T02:07:39.608Z] Time:          Fri Nov 03 2017 19:07:39 GMT-0700 (PDT)
[debug] [2017-11-04T02:07:39.609Z] ----------------------------------------------------------------------
[debug] 
[debug] [2017-11-04T02:07:39.630Z] > command requires scopes: ["email","openid","https://www.googleapis.com/auth/cloudplatformprojects.readonly","https://www.googleapis.com/auth/firebase","https://www.googleapis.com/auth/cloud-platform"]
[debug] [2017-11-04T02:07:39.630Z] > authorizing via signed-in user
[debug] [2017-11-04T02:07:39.634Z] > refreshing access token with scopes: ["email","https://www.googleapis.com/auth/cloud-platform","https://www.googleapis.com/auth/cloudplatformprojects.readonly","https://www.googleapis.com/auth/firebase","openid"]
[debug] [2017-11-04T02:07:39.635Z] >>> HTTP REQUEST POST https://www.googleapis.com/oauth2/v3/token { refresh_token: '1/lLgQDq67a680PQRy-TUnnyFglZ5B4BTWxM5gocbz79g',
  client_id: '563584335869-fgrhgmd47bqnekij5i8b5pr03ho849e6.apps.googleusercontent.com',
  client_secret: 'j9iVZfS8kkCEFUPaAeJV0sAi',
  grant_type: 'refresh_token',
  scope: 'email https://www.googleapis.com/auth/cloud-platform https://www.googleapis.com/auth/cloudplatformprojects.readonly https://www.googleapis.com/auth/firebase openid' } 
 Fri Nov 03 2017 19:07:39 GMT-0700 (PDT)
[debug] [2017-11-04T02:07:39.796Z] <<< HTTP RESPONSE 200
[debug] [2017-11-04T02:07:39.800Z] >>> HTTP REQUEST GET https://admin.firebase.com/v1/projects/adspace-9fe5c  
 Fri Nov 03 2017 19:07:39 GMT-0700 (PDT)
