0 info it worked if it ends with ok
1 verbose cli [ '/Users/Stu/.nvm/versions/node/v6.2.2/bin/node',
1 verbose cli   '/Users/Stu/.nvm/versions/node/v6.2.2/bin/npm',
1 verbose cli   'start' ]
2 info using npm@3.10.3
3 info using node@v6.2.2
4 verbose run-script [ 'prestart', 'start', 'poststart' ]
5 info lifecycle appname@0.0.0~prestart: appname@0.0.0
6 silly lifecycle appname@0.0.0~prestart: no script for prestart, continuing
7 info lifecycle appname@0.0.0~start: appname@0.0.0
8 verbose lifecycle appname@0.0.0~start: unsafe-perm in lifecycle true
9 verbose lifecycle appname@0.0.0~start: PATH: /Users/Stu/.nvm/versions/node/v6.2.2/lib/node_modules/npm/bin/node-gyp-bin:/Users/Stu/Desktop/adspace/server/node_modules/.bin:/Users/Stu/.nvm/versions/node/v6.2.2/bin:/Users/Stu/.nvm/versions/node/v6.2.2/bin:/Users/Stu/google-cloud-sdk/bin:/usr/local/share/npm/bin:/usr/local/bin:/usr/local/sbin:/usr/bin:/bin:/usr/sbin:/sbin:/usr/X11/bin:/opt/X11/bin:/Applications/Xcode.app/Contents/Developer/Platforms/iPhoneOS.platform/Developer/usr/bin:/Users/Stu/.ec2/bin:/Users/Stu/google-cloud-sdk/bin
10 verbose lifecycle appname@0.0.0~start: CWD: /Users/Stu/Desktop/adspace/server
11 silly lifecycle appname@0.0.0~start: Args: [ '-c', 'node server.js' ]
12 silly lifecycle appname@0.0.0~start: Returned: code: 1  signal: null
13 info lifecycle appname@0.0.0~start: Failed to exec start script
14 verbose stack Error: appname@0.0.0 start: `node server.js`
14 verbose stack Exit status 1
14 verbose stack     at EventEmitter.<anonymous> (/Users/Stu/.nvm/versions/node/v6.2.2/lib/node_modules/npm/lib/utils/lifecycle.js:242:16)
14 verbose stack     at emitTwo (events.js:106:13)
14 verbose stack     at EventEmitter.emit (events.js:191:7)
14 verbose stack     at ChildProcess.<anonymous> (/Users/Stu/.nvm/versions/node/v6.2.2/lib/node_modules/npm/lib/utils/spawn.js:40:14)
14 verbose stack     at emitTwo (events.js:106:13)
14 verbose stack     at ChildProcess.emit (events.js:191:7)
14 verbose stack     at maybeClose (internal/child_process.js:852:16)
14 verbose stack     at Process.ChildProcess._handle.onexit (internal/child_process.js:215:5)
15 verbose pkgid appname@0.0.0
16 verbose cwd /Users/Stu/Desktop/adspace/server
17 error Darwin 15.6.0
18 error argv "/Users/Stu/.nvm/versions/node/v6.2.2/bin/node" "/Users/Stu/.nvm/versions/node/v6.2.2/bin/npm" "start"
19 error node v6.2.2
20 error npm  v3.10.3
21 error code ELIFECYCLE
22 error appname@0.0.0 start: `node server.js`
22 error Exit status 1
23 error Failed at the appname@0.0.0 start script 'node server.js'.
23 error Make sure you have the latest version of node.js and npm installed.
23 error If you do, this is most likely a problem with the appname package,
23 error not with npm itself.
23 error Tell the author that this fails on your system:
23 error     node server.js
23 error You can get information on how to open an issue for this project with:
23 error     npm bugs appname
23 error Or if that isn't available, you can get their info via:
23 error     npm owner ls appname
23 error There is likely additional logging output above.
24 verbose exit [ 1, true ]
